2025-11-05T16:06:55.253-03:00  INFO 4764 --- [main] rojetoExtensaoGestaoAcademicaApplication : Starting ProjetoExtensaoGestaoAcademicaApplication using Java 21.0.8 with PID 4764 (C:\Users\Kalliam\Documents\GitHub\ProjetoExtensaoGestaoAcademica\target\classes started by Kalliam in C:\Users\Kalliam\Documents\GitHub\ProjetoExtensaoGestaoAcademica)
2025-11-05T16:06:55.254-03:00 DEBUG 4764 --- [main] rojetoExtensaoGestaoAcademicaApplication : Running with Spring Boot v3.2.5, Spring v6.1.6
2025-11-05T16:06:55.255-03:00  INFO 4764 --- [main] rojetoExtensaoGestaoAcademicaApplication : No active profile set, falling back to 1 default profile: "default"
2025-11-05T16:06:55.778-03:00  INFO 4764 --- [main] .s.d.r.c.RepositoryConfigurationDelegate : Bootstrapping Spring Data JPA repositories in DEFAULT mode.
2025-11-05T16:06:55.826-03:00  INFO 4764 --- [main] .s.d.r.c.RepositoryConfigurationDelegate : Finished Spring Data repository scanning in 38 ms. Found 1 JPA repository interface.
2025-11-05T16:06:56.163-03:00  INFO 4764 --- [main] o.s.b.w.embedded.tomcat.TomcatWebServer  : Tomcat initialized with port 8080 (http)
2025-11-05T16:06:56.172-03:00  INFO 4764 --- [main] o.apache.catalina.core.StandardService   : Starting service [Tomcat]
2025-11-05T16:06:56.172-03:00  INFO 4764 --- [main] o.apache.catalina.core.StandardEngine    : Starting Servlet engine: [Apache Tomcat/10.1.20]
2025-11-05T16:06:56.213-03:00  INFO 4764 --- [main] o.a.c.c.C.[Tomcat].[localhost].[/api]    : Initializing Spring embedded WebApplicationContext
2025-11-05T16:06:56.213-03:00  INFO 4764 --- [main] w.s.c.ServletWebServerApplicationContext : Root WebApplicationContext: initialization completed in 929 ms
2025-11-05T16:06:56.316-03:00  INFO 4764 --- [main] o.hibernate.jpa.internal.util.LogHelper  : HHH000204: Processing PersistenceUnitInfo [name: default]
2025-11-05T16:06:56.360-03:00  INFO 4764 --- [main] org.hibernate.Version                    : HHH000412: Hibernate ORM core version 6.4.4.Final
2025-11-05T16:06:56.388-03:00  INFO 4764 --- [main] o.h.c.internal.RegionFactoryInitiator    : HHH000026: Second-level cache disabled
2025-11-05T16:06:56.567-03:00  INFO 4764 --- [main] o.s.o.j.p.SpringPersistenceUnitInfo      : No LoadTimeWeaver setup: ignoring JPA class transformer
2025-11-05T16:06:56.587-03:00  INFO 4764 --- [main] com.zaxxer.hikari.HikariDataSource       : HikariPool-1 - Starting...
2025-11-05T16:06:56.712-03:00  INFO 4764 --- [main] com.zaxxer.hikari.pool.HikariPool        : HikariPool-1 - Added connection org.postgresql.jdbc.PgConnection@eded048
2025-11-05T16:06:56.713-03:00  INFO 4764 --- [main] com.zaxxer.hikari.HikariDataSource       : HikariPool-1 - Start completed.
2025-11-05T16:06:56.739-03:00  WARN 4764 --- [main] org.hibernate.orm.deprecation            : HHH90000025: PostgreSQLDialect does not need to be specified explicitly using 'hibernate.dialect' (remove the property setting and it will be selected by default)
2025-11-05T16:06:57.413-03:00  INFO 4764 --- [main] o.h.e.t.j.p.i.JtaPlatformInitiator       : HHH000489: No JTA platform available (set 'hibernate.transaction.jta.platform' to enable JTA platform integration)
2025-11-05T16:06:57.454-03:00 DEBUG 4764 --- [main] org.hibernate.SQL                        : 
    create table usuarios (
        id bigserial not null,
        ativo boolean not null,
        data_atualizacao timestamp(6),
        data_criacao timestamp(6) not null,
        email varchar(100) not null,
        nome varchar(100) not null,
        perfil varchar(20) not null check (perfil in ('ADMINISTRADOR','COORDENADOR','CONSULTA')),
        senha varchar(255) not null,
        primary key (id)
    )
2025-11-05T16:06:57.469-03:00 DEBUG 4764 --- [main] org.hibernate.SQL                        : 
    alter table if exists usuarios 
       drop constraint if exists UK_kfsp0s1tflm1cwlj8idhqsad0
2025-11-05T16:06:57.473-03:00  WARN 4764 --- [main] o.h.engine.jdbc.spi.SqlExceptionHelper   : SQL Warning Code: 0, SQLState: 00000
2025-11-05T16:06:57.473-03:00  WARN 4764 --- [main] o.h.engine.jdbc.spi.SqlExceptionHelper   : restrição "uk_kfsp0s1tflm1cwlj8idhqsad0" da relação "usuarios" não existe, ignorando
2025-11-05T16:06:57.473-03:00 DEBUG 4764 --- [main] org.hibernate.SQL                        : 
    alter table if exists usuarios 
       add constraint UK_kfsp0s1tflm1cwlj8idhqsad0 unique (email)
2025-11-05T16:06:57.477-03:00  INFO 4764 --- [main] j.LocalContainerEntityManagerFactoryBean : Initialized JPA EntityManagerFactory for persistence unit 'default'
2025-11-05T16:06:57.818-03:00  WARN 4764 --- [main] JpaBaseConfiguration$JpaWebConfiguration : spring.jpa.open-in-view is enabled by default. Therefore, database queries may be performed during view rendering. Explicitly configure spring.jpa.open-in-view to disable this warning
2025-11-05T16:06:58.118-03:00  INFO 4764 --- [main] o.s.b.w.embedded.tomcat.TomcatWebServer  : Tomcat started on port 8080 (http) with context path '/api'
2025-11-05T16:06:58.125-03:00  INFO 4764 --- [main] rojetoExtensaoGestaoAcademicaApplication : Started ProjetoExtensaoGestaoAcademicaApplication in 3.185 seconds (process running for 3.627)
2025-11-05T16:06:58.127-03:00  INFO 4764 --- [main] rojetoExtensaoGestaoAcademicaApplication : Aplicação iniciada com sucesso!
2025-11-05T16:06:58.127-03:00  INFO 4764 --- [main] rojetoExtensaoGestaoAcademicaApplication : Swagger UI: http://localhost:8080/api/swagger-ui.html
2025-11-05T16:06:58.127-03:00  INFO 4764 --- [main] rojetoExtensaoGestaoAcademicaApplication : Banco: PostgreSQL - gestaoacademica
2025-11-05T16:07:02.117-03:00  INFO 4764 --- [http-nio-8080-exec-2] o.a.c.c.C.[Tomcat].[localhost].[/api]    : Initializing Spring DispatcherServlet 'dispatcherServlet'
2025-11-05T16:07:02.117-03:00  INFO 4764 --- [http-nio-8080-exec-2] o.s.web.servlet.DispatcherServlet        : Initializing Servlet 'dispatcherServlet'
2025-11-05T16:07:02.118-03:00  INFO 4764 --- [http-nio-8080-exec-2] o.s.web.servlet.DispatcherServlet        : Completed initialization in 1 ms
2025-11-05T16:07:02.586-03:00  INFO 4764 --- [http-nio-8080-exec-9] o.springdoc.api.AbstractOpenApiResource  : Init duration for springdoc-openapi is: 189 ms
2025-11-05T16:07:16.343-03:00 DEBUG 4764 --- [http-nio-8080-exec-10] b.c.u.p.e.p.c.UsuarioController          : Recebida requisicao para listar usuarios
2025-11-05T16:07:16.343-03:00  INFO 4764 --- [http-nio-8080-exec-10] b.c.u.p.e.p.service.UsuarioService       : Listando todos os usuarios
2025-11-05T16:07:16.427-03:00 DEBUG 4764 --- [http-nio-8080-exec-10] org.hibernate.SQL                        : 
    select
        u1_0.id,
        u1_0.ativo,
        u1_0.data_atualizacao,
        u1_0.data_criacao,
        u1_0.email,
        u1_0.nome,
        u1_0.perfil,
        u1_0.senha 
    from
        usuarios u1_0
2025-11-05T16:07:16.433-03:00 DEBUG 4764 --- [http-nio-8080-exec-10] b.c.u.p.e.p.service.UsuarioService       : Encontrados 0 usuarios
2025-11-05T16:08:11.593-03:00  INFO 4764 --- [http-nio-8080-exec-5] b.c.u.p.e.p.c.UsuarioController          : Recebida requisicao para criar usuario: kamilla@teste.com
2025-11-05T16:08:11.594-03:00  INFO 4764 --- [http-nio-8080-exec-5] b.c.u.p.e.p.service.UsuarioService       : Criando usuario: kamilla@teste.com
2025-11-05T16:08:11.610-03:00 DEBUG 4764 --- [http-nio-8080-exec-5] org.hibernate.SQL                        : 
    select
        u1_0.id 
    from
        usuarios u1_0 
    where
        u1_0.email=? 
    fetch
        first ? rows only
2025-11-05T16:08:11.629-03:00 DEBUG 4764 --- [http-nio-8080-exec-5] org.hibernate.SQL                        : 
    insert 
    into
        usuarios
        (ativo, data_atualizacao, data_criacao, email, nome, perfil, senha) 
    values
        (?, ?, ?, ?, ?, ?, ?)
2025-11-05T16:08:11.643-03:00  INFO 4764 --- [http-nio-8080-exec-5] b.c.u.p.e.p.service.UsuarioService       : Usuario criado com ID: 1
2025-11-05T16:08:11.643-03:00  INFO 4764 --- [http-nio-8080-exec-5] b.c.u.p.e.p.c.UsuarioController          : Usuario criado com sucesso: kamilla@teste.com
2025-11-05T16:08:41.360-03:00 DEBUG 4764 --- [http-nio-8080-exec-7] b.c.u.p.e.p.c.UsuarioController          : Recebida requisicao para listar usuarios
2025-11-05T16:08:41.361-03:00  INFO 4764 --- [http-nio-8080-exec-7] b.c.u.p.e.p.service.UsuarioService       : Listando todos os usuarios
2025-11-05T16:08:41.362-03:00 DEBUG 4764 --- [http-nio-8080-exec-7] org.hibernate.SQL                        : 
    select
        u1_0.id,
        u1_0.ativo,
        u1_0.data_atualizacao,
        u1_0.data_criacao,
        u1_0.email,
        u1_0.nome,
        u1_0.perfil,
        u1_0.senha 
    from
        usuarios u1_0
2025-11-05T16:08:41.367-03:00 DEBUG 4764 --- [http-nio-8080-exec-7] b.c.u.p.e.p.service.UsuarioService       : Encontrados 1 usuarios
2025-11-05T16:10:19.083-03:00  INFO 4764 --- [SpringApplicationShutdownHook] j.LocalContainerEntityManagerFactoryBean : Closing JPA EntityManagerFactory for persistence unit 'default'
2025-11-05T16:10:19.084-03:00  INFO 4764 --- [SpringApplicationShutdownHook] com.zaxxer.hikari.HikariDataSource       : HikariPool-1 - Shutdown initiated...
2025-11-05T16:10:19.086-03:00  INFO 4764 --- [SpringApplicationShutdownHook] com.zaxxer.hikari.HikariDataSource       : HikariPool-1 - Shutdown completed.
